-------------------------------------------------------------------------------
Test set: br.com.restassuredapitesting.runners.AllTests
-------------------------------------------------------------------------------
Tests run: 25, Failures: 2, Errors: 0, Skipped: 0, Time elapsed: 90.902 s <<< FAILURE! - in br.com.restassuredapitesting.runners.AllTests
validaErro500QuandoEnviarFiltroMalFormatado(br.com.restassuredapitesting.tests.booking.tests.GetBookingTest)  Time elapsed: 2.036 s  <<< FAILURE!
java.lang.AssertionError: 
1 expectation failed.
Expected status code <500> but was <200>.

	at br.com.restassuredapitesting.tests.booking.tests.GetBookingTest.validaErro500QuandoEnviarFiltroMalFormatado(GetBookingTest.java:223)

validaListagemDeReservasPelosFiltrosFirstnameECheckinECheckout(br.com.restassuredapitesting.tests.booking.tests.GetBookingTest)  Time elapsed: 0.997 s  <<< FAILURE!
java.lang.AssertionError: 
1 expectation failed.
JSON path size() doesn't match.
Expected: a value greater than <0>
  Actual: 0

	at br.com.restassuredapitesting.tests.booking.tests.GetBookingTest.validaListagemDeReservasPelosFiltrosFirstnameECheckinECheckout(GetBookingTest.java:202)

