<?xml version="1.0" encoding="UTF-8"?>
<testsuite xmlns:xsi="http://www.w3.org/2001/XMLSchema-instance" xsi:noNamespaceSchemaLocation="https://maven.apache.org/surefire/maven-surefire-plugin/xsd/surefire-test-report.xsd" name="br.com.restassuredapitesting.runners.AllTests" time="83.847" tests="25" errors="0" skipped="0" failures="3">
  <properties>
[...]
</properties>
  <testcase name="validaApiOnline" classname="br.com.restassuredapitesting.tests.ping.tests.GetPingTest" time="2.713"/>
  <testcase name="validaErro500QuandoEnviarFiltroMalFormatado" classname="br.com.restassuredapitesting.tests.booking.tests.GetBookingTest" time="0.963">
    <failure message="1 expectation failed.&#10;Expected status code &lt;500&gt; but was &lt;200&gt;.&#10;" type="java.lang.AssertionError"><![CDATA[java.lang.AssertionError: 
1 expectation failed.
Expected status code <500> but was <200>.

	at br.com.restassuredapitesting.tests.booking.tests.GetBookingTest.validaErro500QuandoEnviarFiltroMalFormatado(GetBookingTest.java:240)
]]></failure>
    <system-out><![CDATA[Request method:	GET
Request URI:	https://treinamento-api.herokuapp.com/booking?checkiiinnn=2021-10-10
Proxy:			<none>
Request params:	<none>
Query params:	<none>
Form params:	<none>
Path params:	<none>
Headers:		Accept=*/*
Cookies:		<none>
Multiparts:		<none>
Body:			<none>

HTTP/1.1 200 OK
Server: Cowboy
Connection: keep-alive
X-Powered-By: Express
Content-Type: application/json; charset=utf-8
Content-Length: 12629
Etag: W/"3155-r8hsf3ZBORlPqT7FXH9T6pT/Uvo"
Date: Wed, 27 Oct 2021 21:34:13 GMT
Via: 1.1 vegur

[
    {
        "bookingid": 704
    },
    {
        "bookingid": 643
    },
    {
        "bookingid": 701
    },
    {
        "bookingid": 722
    },
    {
        "bookingid": 719
    },
    {
        "bookingid": 629
    },
    {
        "bookingid": 783
    },
    {
        "bookingid": 569
    },
    {
        "bookingid": 798
    },
    {
        "bookingid": 664
    },
    {
        "bookingid": 790
    },
    {
        "bookingid": 585
    },
    {
        "bookingid": 488
    },
    {
        "bookingid": 442
    },
    {
        "bookingid": 512
    },
    {
        "bookingid": 712
    },
    {
        "bookingid": 686
    },
    {
        "bookingid": 337
    },
    {
        "bookingid": 324
    },
    {
        "bookingid": 139
    },
    {
        "bookingid": 303
    },
    {
        "bookingid": 196
    },
    {
        "bookingid": 340
    },
    {
        "bookingid": 243
    },
    {
        "bookingid": 292
    },
    {
        "bookingid": 757
    },
    {
        "bookingid": 369
    },
    {
        "bookingid": 741
    },
    {
        "bookingid": 502
    },
    {
        "bookingid": 280
    },
    {
        "bookingid": 507
    },
    {
        "bookingid": 291
    },
    {
        "bookingid": 241
    },
    {
        "bookingid": 661
    },
    {
        "bookingid": 796
    },
    {
        "bookingid": 148
    },
    {
        "bookingid": 633
    },
    {
        "bookingid": 156
    },
    {
        "bookingid": 141
    },
    {
        "bookingid": 623
    },
    {
        "bookingid": 302
    },
    {
        "bookingid": 296
    },
    {
        "bookingid": 234
    },
    {
        "bookingid": 152
    },
    {
        "bookingid": 636
    },
    {
        "bookingid": 546
    },
    {
        "bookingid": 171
    },
    {
        "bookingid": 786
    },
    {
        "bookingid": 339
    },
    {
        "bookingid": 708
    },
    {
        "bookingid": 547
    },
    {
        "bookingid": 370
    },
    {
        "bookingid": 128
    },
    {
        "bookingid": 203
    },
    {
        "bookingid": 58
    },
    {
        "bookingid": 263
    },
    {
        "bookingid": 770
    },
    {
        "bookingid": 668
    },
    {
        "bookingid": 564
    },
    {
        "bookingid": 624
    },
    {
        "bookingid": 739
    },
    {
        "bookingid": 641
    },
    {
        "bookingid": 230
    },
    {
        "bookingid": 142
    },
    {
        "bookingid": 311
    },
    {
        "bookingid": 143
    },
    {
        "bookingid": 100
    },
    {
        "bookingid": 118
    },
    {
        "bookingid": 490
    },
    {
        "bookingid": 229
    },
    {
        "bookingid": 246
    },
    {
        "bookingid": 306
    },
    {
        "bookingid": 414
    },
    {
        "bookingid": 478
    },
    {
        "bookingid": 499
    },
    {
        "bookingid": 398
    },
    {
        "bookingid": 429
    },
    {
        "bookingid": 399
    },
    {
        "bookingid": 720
    },
    {
        "bookingid": 750
    },
    {
        "bookingid": 409
    },
    {
        "bookingid": 667
    },
    {
        "bookingid": 423
    },
    {
        "bookingid": 381
    },
    {
        "bookingid": 756
    },
    {
        "bookingid": 223
    },
    {
        "bookingid": 492
    },
    {
        "bookingid": 107
    },
    {
        "bookingid": 186
    },
    {
        "bookingid": 505
    },
    {
        "bookingid": 395
    },
    {
        "bookingid": 761
    },
    {
        "bookingid": 458
    },
    {
        "bookingid": 644
    },
    {
        "bookingid": 448
    },
    {
        "bookingid": 437
    },
    {
        "bookingid": 3
    },
    {
        "bookingid": 693
    },
    {
        "bookingid": 301
    },
    {
        "bookingid": 703
    },
    {
        "bookingid": 789
    },
    {
        "bookingid": 702
    },
    {
        "bookingid": 19
    },
    {
        "bookingid": 371
    },
    {
        "bookingid": 717
    },
    {
        "bookingid": 560
    },
    {
        "bookingid": 640
    },
    {
        "bookingid": 418
    },
    {
        "bookingid": 424
    },
    {
        "bookingid": 682
    },
    {
        "bookingid": 561
    },
    {
        "bookingid": 545
    },
    {
        "bookingid": 450
    },
    {
        "bookingid": 475
    },
    {
        "bookingid": 610
    },
    {
        "bookingid": 684
    },
    {
        "bookingid": 503
    },
    {
        "bookingid": 134
    },
    {
        "bookingid": 166
    },
    {
        "bookingid": 313
    },
    {
        "bookingid": 552
    },
    {
        "bookingid": 338
    },
    {
        "bookingid": 61
    },
    {
        "bookingid": 587
    },
    {
        "bookingid": 593
    },
    {
        "bookingid": 228
    },
    {
        "bookingid": 238
    },
    {
        "bookingid": 174
    },
    {
        "bookingid": 146
    },
    {
        "bookingid": 511
    },
    {
        "bookingid": 586
    },
    {
        "bookingid": 620
    },
    {
        "bookingid": 149
    },
    {
        "bookingid": 526
    },
    {
        "bookingid": 501
    },
    {
        "bookingid": 70
    },
    {
        "bookingid": 120
    },
    {
        "bookingid": 97
    },
    {
        "bookingid": 514
    },
    {
        "bookingid": 131
    },
    {
        "bookingid": 125
    },
    {
        "bookingid": 119
    },
    {
        "bookingid": 520
    },
    {
        "bookingid": 326
    },
    {
        "bookingid": 656
    },
    {
        "bookingid": 89
    },
    {
        "bookingid": 310
    },
    {
        "bookingid": 721
    },
    {
        "bookingid": 431
    },
    {
        "bookingid": 557
    },
    {
        "bookingid": 268
    },
    {
        "bookingid": 72
    },
    {
        "bookingid": 575
    },
    {
        "bookingid": 666
    },
    {
        "bookingid": 795
    },
    {
        "bookingid": 96
    },
    {
        "bookingid": 788
    },
    {
        "bookingid": 709
    },
    {
        "bookingid": 200
    },
    {
        "bookingid": 462
    },
    {
        "bookingid": 528
    },
    {
        "bookingid": 334
    },
    {
        "bookingid": 353
    },
    {
        "bookingid": 457
    },
    {
        "bookingid": 78
    },
    {
        "bookingid": 711
    },
    {
        "bookingid": 765
    },
    {
        "bookingid": 357
    },
    {
        "bookingid": 367
    },
    {
        "bookingid": 715
    },
    {
        "bookingid": 417
    },
    {
        "bookingid": 767
    },
    {
        "bookingid": 527
    },
    {
        "bookingid": 435
    },
    {
        "bookingid": 309
    },
    {
        "bookingid": 344
    },
    {
        "bookingid": 380
    },
    {
        "bookingid": 154
    },
    {
        "bookingid": 158
    },
    {
        "bookingid": 114
    },
    {
        "bookingid": 508
    },
    {
        "bookingid": 618
    },
    {
        "bookingid": 257
    },
    {
        "bookingid": 129
    },
    {
        "bookingid": 615
    },
    {
        "bookingid": 774
    },
    {
        "bookingid": 314
    },
    {
        "bookingid": 752
    },
    {
        "bookingid": 236
    },
    {
        "bookingid": 9
    },
    {
        "bookingid": 637
    },
    {
        "bookingid": 155
    },
    {
        "bookingid": 533
    },
    {
        "bookingid": 609
    },
    {
        "bookingid": 349
    },
    {
        "bookingid": 80
    },
    {
        "bookingid": 88
    },
    {
        "bookingid": 251
    },
    {
        "bookingid": 7
    },
    {
        "bookingid": 665
    },
    {
        "bookingid": 513
    },
    {
        "bookingid": 117
    },
    {
        "bookingid": 188
    },
    {
        "bookingid": 121
    },
    {
        "bookingid": 227
    },
    {
        "bookingid": 391
    },
    {
        "bookingid": 46
    },
    {
        "bookingid": 290
    },
    {
        "bookingid": 26
    },
    {
        "bookingid": 556
    },
    {
        "bookingid": 591
    },
    {
        "bookingid": 24
    },
    {
        "bookingid": 675
    },
    {
        "bookingid": 130
    },
    {
        "bookingid": 79
    },
    {
        "bookingid": 245
    },
    {
        "bookingid": 237
    },
    {
        "bookingid": 647
    },
    {
        "bookingid": 743
    },
    {
        "bookingid": 75
    },
    {
        "bookingid": 242
    },
    {
        "bookingid": 683
    },
    {
        "bookingid": 47
    },
    {
        "bookingid": 192
    },
    {
        "bookingid": 124
    },
    {
        "bookingid": 176
    },
    {
        "bookingid": 244
    },
    {
        "bookingid": 99
    },
    {
        "bookingid": 122
    },
    {
        "bookingid": 718
    },
    {
        "bookingid": 6
    },
    {
        "bookingid": 252
    },
    {
        "bookingid": 688
    },
    {
        "bookingid": 755
    },
    {
        "bookingid": 67
    },
    {
        "bookingid": 443
    },
    {
        "bookingid": 653
    },
    {
        "bookingid": 320
    },
    {
        "bookingid": 621
    },
    {
        "bookingid": 689
    },
    {
        "bookingid": 304
    },
    {
        "bookingid": 93
    },
    {
        "bookingid": 135
    },
    {
        "bookingid": 325
    },
    {
        "bookingid": 635
    },
    {
        "bookingid": 400
    },
    {
        "bookingid": 45
    },
    {
        "bookingid": 459
    },
    {
        "bookingid": 375
    },
    {
        "bookingid": 600
    },
    {
        "bookingid": 695
    },
    {
        "bookingid": 803
    },
    {
        "bookingid": 332
    },
    {
        "bookingid": 271
    },
    {
        "bookingid": 498
    },
    {
        "bookingid": 589
    },
    {
        "bookingid": 465
    },
    {
        "bookingid": 714
    },
    {
        "bookingid": 469
    },
    {
        "bookingid": 412
    },
    {
        "bookingid": 25
    },
    {
        "bookingid": 406
    },
    {
        "bookingid": 85
    },
    {
        "bookingid": 333
    },
    {
        "bookingid": 538
    },
    {
        "bookingid": 694
    },
    {
        "bookingid": 293
    },
    {
        "bookingid": 101
    },
    {
        "bookingid": 432
    },
    {
        "bookingid": 588
    },
    {
        "bookingid": 626
    },
    {
        "bookingid": 60
    },
    {
        "bookingid": 565
    },
    {
        "bookingid": 180
    },
    {
        "bookingid": 554
    },
    {
        "bookingid": 602
    },
    {
        "bookingid": 153
    },
    {
        "bookingid": 471
    },
    {
        "bookingid": 277
    },
    {
        "bookingid": 568
    },
    {
        "bookingid": 94
    },
    {
        "bookingid": 674
    },
    {
        "bookingid": 740
    },
    {
        "bookingid": 763
    },
    {
        "bookingid": 193
    },
    {
        "bookingid": 766
    },
    {
        "bookingid": 734
    },
    {
        "bookingid": 287
    },
    {
        "bookingid": 483
    },
    {
        "bookingid": 374
    },
    {
        "bookingid": 779
    },
    {
        "bookingid": 732
    },
    {
        "bookingid": 224
    },
    {
        "bookingid": 491
    },
    {
        "bookingid": 787
    },
    {
        "bookingid": 352
    },
    {
        "bookingid": 639
    },
    {
        "bookingid": 14
    },
    {
        "bookingid": 396
    },
    {
        "bookingid": 439
    },
    {
        "bookingid": 16
    },
    {
        "bookingid": 723
    },
    {
        "bookingid": 109
    },
    {
        "bookingid": 571
    },
    {
        "bookingid": 111
    },
    {
        "bookingid": 516
    },
    {
        "bookingid": 447
    },
    {
        "bookingid": 427
    },
    {
        "bookingid": 273
    },
    {
        "bookingid": 54
    },
    {
        "bookingid": 335
    },
    {
        "bookingid": 780
    },
    {
        "bookingid": 29
    },
    {
        "bookingid": 248
    },
    {
        "bookingid": 283
    },
    {
        "bookingid": 404
    },
    {
        "bookingid": 625
    },
    {
        "bookingid": 214
    },
    {
        "bookingid": 493
    },
    {
        "bookingid": 500
    },
    {
        "bookingid": 421
    },
    {
        "bookingid": 239
    },
    {
        "bookingid": 195
    },
    {
        "bookingid": 648
    },
    {
        "bookingid": 627
    },
    {
        "bookingid": 754
    },
    {
        "bookingid": 541
    },
    {
        "bookingid": 606
    },
    {
        "bookingid": 745
    },
    {
        "bookingid": 433
    },
    {
        "bookingid": 672
    },
    {
        "bookingid": 401
    },
    {
        "bookingid": 390
    },
    {
        "bookingid": 657
    },
    {
        "bookingid": 596
    },
    {
        "bookingid": 535
    },
    {
        "bookingid": 33
    },
    {
        "bookingid": 726
    },
    {
        "bookingid": 710
    },
    {
        "bookingid": 377
    },
    {
        "bookingid": 360
    },
    {
        "bookingid": 477
    },
    {
        "bookingid": 144
    },
    {
        "bookingid": 18
    },
    {
        "bookingid": 4
    },
    {
        "bookingid": 77
    },
    {
        "bookingid": 777
    },
    {
        "bookingid": 651
    },
    {
        "bookingid": 354
    },
    {
        "bookingid": 254
    },
    {
        "bookingid": 42
    },
    {
        "bookingid": 479
    },
    {
        "bookingid": 167
    },
    {
        "bookingid": 553
    },
    {
        "bookingid": 373
    },
    {
        "bookingid": 532
    },
    {
        "bookingid": 769
    },
    {
        "bookingid": 751
    },
    {
        "bookingid": 496
    },
    {
        "bookingid": 461
    },
    {
        "bookingid": 772
    },
    {
        "bookingid": 53
    },
    {
        "bookingid": 363
    },
    {
        "bookingid": 307
    },
    {
        "bookingid": 137
    },
    {
        "bookingid": 518
    },
    {
        "bookingid": 48
    },
    {
        "bookingid": 804
    },
    {
        "bookingid": 84
    },
    {
        "bookingid": 17
    },
    {
        "bookingid": 687
    },
    {
        "bookingid": 163
    },
    {
        "bookingid": 416
    },
    {
        "bookingid": 654
    },
    {
        "bookingid": 403
    },
    {
        "bookingid": 727
    },
    {
        "bookingid": 577
    },
    {
        "bookingid": 225
    },
    {
        "bookingid": 361
    },
    {
        "bookingid": 394
    },
    {
        "bookingid": 782
    },
    {
        "bookingid": 235
    },
    {
        "bookingid": 364
    },
    {
        "bookingid": 342
    },
    {
        "bookingid": 677
    },
    {
        "bookingid": 258
    },
    {
        "bookingid": 388
    },
    {
        "bookingid": 282
    },
    {
        "bookingid": 20
    },
    {
        "bookingid": 350
    },
    {
        "bookingid": 285
    },
    {
        "bookingid": 566
    },
    {
        "bookingid": 295
    },
    {
        "bookingid": 405
    },
    {
        "bookingid": 700
    },
    {
        "bookingid": 30
    },
    {
        "bookingid": 86
    },
    {
        "bookingid": 190
    },
    {
        "bookingid": 678
    },
    {
        "bookingid": 393
    },
    {
        "bookingid": 692
    },
    {
        "bookingid": 716
    },
    {
        "bookingid": 771
    },
    {
        "bookingid": 348
    },
    {
        "bookingid": 495
    },
    {
        "bookingid": 497
    },
    {
        "bookingid": 300
    },
    {
        "bookingid": 208
    },
    {
        "bookingid": 523
    },
    {
        "bookingid": 746
    },
    {
        "bookingid": 455
    },
    {
        "bookingid": 31
    },
    {
        "bookingid": 464
    },
    {
        "bookingid": 27
    },
    {
        "bookingid": 382
    },
    {
        "bookingid": 126
    },
    {
        "bookingid": 680
    },
    {
        "bookingid": 209
    },
    {
        "bookingid": 266
    },
    {
        "bookingid": 259
    },
    {
        "bookingid": 281
    },
    {
        "bookingid": 51
    },
    {
        "bookingid": 791
    },
    {
        "bookingid": 524
    },
    {
        "bookingid": 207
    },
    {
        "bookingid": 676
    },
    {
        "bookingid": 201
    },
    {
        "bookingid": 440
    },
    {
        "bookingid": 250
    },
    {
        "bookingid": 132
    },
    {
        "bookingid": 105
    },
    {
        "bookingid": 800
    },
    {
        "bookingid": 519
    },
    {
        "bookingid": 232
    },
    {
        "bookingid": 191
    },
    {
        "bookingid": 438
    },
    {
        "bookingid": 760
    },
    {
        "bookingid": 23
    },
    {
        "bookingid": 582
    },
    {
        "bookingid": 454
    },
    {
        "bookingid": 359
    },
    {
        "bookingid": 8
    },
    {
        "bookingid": 599
    },
    {
        "bookingid": 73
    },
    {
        "bookingid": 634
    },
    {
        "bookingid": 347
    },
    {
        "bookingid": 764
    },
    {
        "bookingid": 762
    },
    {
        "bookingid": 529
    },
    {
        "bookingid": 136
    },
    {
        "bookingid": 616
    },
    {
        "bookingid": 68
    },
    {
        "bookingid": 312
    },
    {
        "bookingid": 655
    },
    {
        "bookingid": 738
    },
    {
        "bookingid": 330
    },
    {
        "bookingid": 91
    },
    {
        "bookingid": 316
    },
    {
        "bookingid": 559
    },
    {
        "bookingid": 162
    },
    {
        "bookingid": 5
    },
    {
        "bookingid": 614
    },
    {
        "bookingid": 590
    },
    {
        "bookingid": 515
    },
    {
        "bookingid": 318
    },
    {
        "bookingid": 607
    },
    {
        "bookingid": 297
    },
    {
        "bookingid": 12
    },
    {
        "bookingid": 104
    },
    {
        "bookingid": 434
    },
    {
        "bookingid": 570
    },
    {
        "bookingid": 328
    },
    {
        "bookingid": 805
    },
    {
        "bookingid": 261
    },
    {
        "bookingid": 159
    },
    {
        "bookingid": 652
    },
    {
        "bookingid": 642
    },
    {
        "bookingid": 658
    },
    {
        "bookingid": 386
    },
    {
        "bookingid": 123
    },
    {
        "bookingid": 759
    },
    {
        "bookingid": 62
    },
    {
        "bookingid": 198
    },
    {
        "bookingid": 288
    },
    {
        "bookingid": 660
    },
    {
        "bookingid": 578
    },
    {
        "bookingid": 315
    },
    {
        "bookingid": 66
    },
    {
        "bookingid": 169
    },
    {
        "bookingid": 574
    },
    {
        "bookingid": 544
    },
    {
        "bookingid": 705
    },
    {
        "bookingid": 358
    },
    {
        "bookingid": 584
    },
    {
        "bookingid": 758
    },
    {
        "bookingid": 444
    },
    {
        "bookingid": 446
    },
    {
        "bookingid": 269
    },
    {
        "bookingid": 555
    },
    {
        "bookingid": 807
    },
    {
        "bookingid": 685
    },
    {
        "bookingid": 792
    },
    {
        "bookingid": 183
    },
    {
        "bookingid": 451
    },
    {
        "bookingid": 116
    },
    {
        "bookingid": 197
    },
    {
        "bookingid": 389
    },
    {
        "bookingid": 384
    },
    {
        "bookingid": 173
    },
    {
        "bookingid": 567
    },
    {
        "bookingid": 210
    },
    {
        "bookingid": 482
    },
    {
        "bookingid": 539
    },
    {
        "bookingid": 581
    },
    {
        "bookingid": 594
    },
    {
        "bookingid": 522
    },
    {
        "bookingid": 697
    },
    {
        "bookingid": 36
    },
    {
        "bookingid": 329
    },
    {
        "bookingid": 659
    },
    {
        "bookingid": 671
    },
    {
        "bookingid": 773
    },
    {
        "bookingid": 187
    },
    {
        "bookingid": 725
    },
    {
        "bookingid": 411
    },
    {
        "bookingid": 463
    },
    {
        "bookingid": 368
    },
    {
        "bookingid": 670
    },
    {
        "bookingid": 327
    },
    {
        "bookingid": 517
    },
    {
        "bookingid": 456
    },
    {
        "bookingid": 601
    },
    {
        "bookingid": 733
    },
    {
        "bookingid": 422
    },
    {
        "bookingid": 317
    },
    {
        "bookingid": 294
    },
    {
        "bookingid": 735
    },
    {
        "bookingid": 793
    },
    {
        "bookingid": 663
    },
    {
        "bookingid": 729
    },
    {
        "bookingid": 603
    },
    {
        "bookingid": 108
    },
    {
        "bookingid": 426
    },
    {
        "bookingid": 286
    },
    {
        "bookingid": 631
    },
    {
        "bookingid": 247
    },
    {
        "bookingid": 392
    },
    {
        "bookingid": 321
    },
    {
        "bookingid": 299
    },
    {
        "bookingid": 199
    },
    {
        "bookingid": 415
    },
    {
        "bookingid": 452
    },
    {
        "bookingid": 420
    },
    {
        "bookingid": 379
    },
    {
        "bookingid": 160
    },
    {
        "bookingid": 742
    },
    {
        "bookingid": 608
    },
    {
        "bookingid": 551
    },
    {
        "bookingid": 71
    },
    {
        "bookingid": 509
    },
    {
        "bookingid": 470
    },
    {
        "bookingid": 724
    },
    {
        "bookingid": 397
    },
    {
        "bookingid": 13
    },
    {
        "bookingid": 778
    },
    {
        "bookingid": 472
    },
    {
        "bookingid": 21
    },
    {
        "bookingid": 49
    },
    {
        "bookingid": 698
    },
    {
        "bookingid": 645
    },
    {
        "bookingid": 40
    },
    {
        "bookingid": 562
    },
    {
        "bookingid": 226
    },
    {
        "bookingid": 55
    },
    {
        "bookingid": 253
    },
    {
        "bookingid": 628
    },
    {
        "bookingid": 275
    },
    {
        "bookingid": 449
    },
    {
        "bookingid": 265
    },
    {
        "bookingid": 64
    },
    {
        "bookingid": 256
    },
    {
        "bookingid": 579
    },
    {
        "bookingid": 573
    },
    {
        "bookingid": 305
    },
    {
        "bookingid": 90
    },
    {
        "bookingid": 548
    },
    {
        "bookingid": 346
    },
    {
        "bookingid": 387
    },
    {
        "bookingid": 182
    },
    {
        "bookingid": 262
    },
    {
        "bookingid": 558
    },
    {
        "bookingid": 785
    },
    {
        "bookingid": 597
    },
    {
        "bookingid": 768
    },
    {
        "bookingid": 489
    },
    {
        "bookingid": 468
    },
    {
        "bookingid": 170
    },
    {
        "bookingid": 267
    },
    {
        "bookingid": 362
    },
    {
        "bookingid": 706
    },
    {
        "bookingid": 728
    },
    {
        "bookingid": 801
    },
    {
        "bookingid": 632
    },
    {
        "bookingid": 157
    },
    {
        "bookingid": 76
    },
    {
        "bookingid": 145
    },
    {
        "bookingid": 749
    },
    {
        "bookingid": 165
    },
    {
        "bookingid": 474
    },
    {
        "bookingid": 83
    },
    {
        "bookingid": 707
    },
    {
        "bookingid": 168
    },
    {
        "bookingid": 240
    },
    {
        "bookingid": 806
    },
    {
        "bookingid": 298
    },
    {
        "bookingid": 341
    },
    {
        "bookingid": 736
    },
    {
        "bookingid": 775
    },
    {
        "bookingid": 638
    },
    {
        "bookingid": 336
    },
    {
        "bookingid": 365
    },
    {
        "bookingid": 345
    },
    {
        "bookingid": 113
    },
    {
        "bookingid": 534
    },
    {
        "bookingid": 102
    },
    {
        "bookingid": 178
    },
    {
        "bookingid": 366
    },
    {
        "bookingid": 161
    },
    {
        "bookingid": 485
    },
    {
        "bookingid": 781
    },
    {
        "bookingid": 50
    },
    {
        "bookingid": 646
    },
    {
        "bookingid": 540
    },
    {
        "bookingid": 605
    },
    {
        "bookingid": 376
    },
    {
        "bookingid": 473
    },
    {
        "bookingid": 11
    },
    {
        "bookingid": 425
    },
    {
        "bookingid": 284
    },
    {
        "bookingid": 460
    },
    {
        "bookingid": 543
    },
    {
        "bookingid": 204
    },
    {
        "bookingid": 127
    },
    {
        "bookingid": 572
    },
    {
        "bookingid": 445
    },
    {
        "bookingid": 274
    },
    {
        "bookingid": 699
    },
    {
        "bookingid": 206
    },
    {
        "bookingid": 419
    },
    {
        "bookingid": 662
    },
    {
        "bookingid": 133
    },
    {
        "bookingid": 613
    },
    {
        "bookingid": 480
    },
    {
        "bookingid": 410
    },
    {
        "bookingid": 194
    },
    {
        "bookingid": 521
    },
    {
        "bookingid": 776
    },
    {
        "bookingid": 383
    },
    {
        "bookingid": 753
    },
    {
        "bookingid": 205
    },
    {
        "bookingid": 231
    },
    {
        "bookingid": 408
    },
    {
        "bookingid": 436
    },
    {
        "bookingid": 797
    },
    {
        "bookingid": 428
    },
    {
        "bookingid": 172
    },
    {
        "bookingid": 177
    },
    {
        "bookingid": 486
    },
    {
        "bookingid": 537
    },
    {
        "bookingid": 402
    },
    {
        "bookingid": 82
    },
    {
        "bookingid": 308
    },
    {
        "bookingid": 181
    },
    {
        "bookingid": 799
    },
    {
        "bookingid": 510
    },
    {
        "bookingid": 407
    },
    {
        "bookingid": 270
    },
    {
        "bookingid": 690
    },
    {
        "bookingid": 331
    },
    {
        "bookingid": 264
    },
    {
        "bookingid": 494
    },
    {
        "bookingid": 576
    },
    {
        "bookingid": 649
    },
    {
        "bookingid": 218
    },
    {
        "bookingid": 322
    },
    {
        "bookingid": 679
    },
    {
        "bookingid": 467
    },
    {
        "bookingid": 150
    },
    {
        "bookingid": 138
    },
    {
        "bookingid": 747
    },
    {
        "bookingid": 37
    },
    {
        "bookingid": 506
    },
    {
        "bookingid": 487
    },
    {
        "bookingid": 476
    },
    {
        "bookingid": 595
    },
    {
        "bookingid": 372
    },
    {
        "bookingid": 413
    },
    {
        "bookingid": 179
    },
    {
        "bookingid": 175
    },
    {
        "bookingid": 484
    },
    {
        "bookingid": 794
    },
    {
        "bookingid": 598
    },
    {
        "bookingid": 549
    },
    {
        "bookingid": 56
    },
    {
        "bookingid": 784
    },
    {
        "bookingid": 604
    }
]
]]></system-out>
    <system-err><![CDATA[out 27, 2021 6:34:08 PM io.qameta.allure.AllureLifecycle startStep
GRAVE: Could not start step: no test case running
out 27, 2021 6:34:09 PM io.qameta.allure.AllureLifecycle updateStep
GRAVE: Could not update step: no step running
out 27, 2021 6:34:09 PM io.qameta.allure.AllureLifecycle stopStep
GRAVE: Could not stop step: no step running
out 27, 2021 6:34:10 PM io.qameta.allure.AllureLifecycle startStep
GRAVE: Could not start step: no test case running
out 27, 2021 6:34:11 PM io.qameta.allure.AllureLifecycle updateStep
GRAVE: Could not update step: no step running
out 27, 2021 6:34:11 PM io.qameta.allure.AllureLifecycle stopStep
GRAVE: Could not stop step: no step running
out 27, 2021 6:34:11 PM io.qameta.allure.AllureLifecycle startStep
GRAVE: Could not start step: no test case running
out 27, 2021 6:34:11 PM io.qameta.allure.AllureLifecycle updateStep
GRAVE: Could not update step: no step running
out 27, 2021 6:34:11 PM io.qameta.allure.AllureLifecycle stopStep
GRAVE: Could not stop step: no step running
out 27, 2021 6:34:11 PM io.qameta.allure.AllureLifecycle startStep
GRAVE: Could not start step: no test case running
out 27, 2021 6:34:12 PM io.qameta.allure.AllureLifecycle updateStep
GRAVE: Could not update step: no step running
out 27, 2021 6:34:12 PM io.qameta.allure.AllureLifecycle stopStep
GRAVE: Could not stop step: no step running
out 27, 2021 6:34:12 PM io.qameta.allure.AllureLifecycle startStep
GRAVE: Could not start step: no test case running
out 27, 2021 6:34:13 PM io.qameta.allure.AllureLifecycle updateStep
GRAVE: Could not update step: no step running
out 27, 2021 6:34:13 PM io.qameta.allure.AllureLifecycle stopStep
GRAVE: Could not stop step: no step running
]]></system-err>
  </testcase>
  <testcase name="listaReservaEspecifica" classname="br.com.restassuredapitesting.tests.booking.tests.GetBookingTest" time="0.907"/>
  <testcase name="validaListagemDeIdsDasReservas" classname="br.com.restassuredapitesting.tests.booking.tests.GetBookingTest" time="0.825"/>
  <testcase name="validaListagemDeReservasPeloFiltroFirstname" classname="br.com.restassuredapitesting.tests.booking.tests.GetBookingTest" time="0.808"/>
  <testcase name="validaListagemDeReservasPelosFiltrosFirstnameECheckinECheckout" classname="br.com.restassuredapitesting.tests.booking.tests.GetBookingTest" time="3.817">
    <failure message="1 expectation failed.&#10;JSON path size() doesn&apos;t match.&#10;Expected: a value greater than &lt;0&gt;&#10;  Actual: 0&#10;" type="java.lang.AssertionError"><![CDATA[java.lang.AssertionError: 
1 expectation failed.
JSON path size() doesn't match.
Expected: a value greater than <0>
  Actual: 0

	at br.com.restassuredapitesting.tests.booking.tests.GetBookingTest.validaListagemDeReservasPelosFiltrosFirstnameECheckinECheckout(GetBookingTest.java:224)
]]></failure>
    <system-out><![CDATA[Request method:	GET
Request URI:	https://treinamento-api.herokuapp.com/booking?firstname=Chaves&checkin=2021-10-10&checkout=2021-12-31
Proxy:			<none>
Request params:	<none>
Query params:	<none>
Form params:	<none>
Path params:	<none>
Headers:		Accept=*/*
Cookies:		<none>
Multiparts:		<none>
Body:			<none>

HTTP/1.1 200 OK
Server: Cowboy
Connection: keep-alive
X-Powered-By: Express
Content-Type: application/json; charset=utf-8
Content-Length: 2
Etag: W/"2-l9Fw4VUO7kr8CvBlt4zaMCqXZ0w"
Date: Wed, 27 Oct 2021 21:34:35 GMT
Via: 1.1 vegur

[
    
]
]]></system-out>
    <system-err><![CDATA[out 27, 2021 6:34:28 PM io.qameta.allure.AllureLifecycle startStep
GRAVE: Could not start step: no test case running
out 27, 2021 6:34:28 PM io.qameta.allure.AllureLifecycle updateStep
GRAVE: Could not update step: no step running
out 27, 2021 6:34:28 PM io.qameta.allure.AllureLifecycle stopStep
GRAVE: Could not stop step: no step running
out 27, 2021 6:34:28 PM io.qameta.allure.AllureLifecycle startStep
GRAVE: Could not start step: no test case running
out 27, 2021 6:34:29 PM io.qameta.allure.AllureLifecycle updateStep
GRAVE: Could not update step: no step running
out 27, 2021 6:34:29 PM io.qameta.allure.AllureLifecycle stopStep
GRAVE: Could not stop step: no step running
out 27, 2021 6:34:29 PM io.qameta.allure.AllureLifecycle startStep
GRAVE: Could not start step: no test case running
out 27, 2021 6:34:30 PM io.qameta.allure.AllureLifecycle updateStep
GRAVE: Could not update step: no step running
out 27, 2021 6:34:30 PM io.qameta.allure.AllureLifecycle stopStep
GRAVE: Could not stop step: no step running
out 27, 2021 6:34:30 PM io.qameta.allure.AllureLifecycle startStep
GRAVE: Could not start step: no test case running
out 27, 2021 6:34:31 PM io.qameta.allure.AllureLifecycle updateStep
GRAVE: Could not update step: no step running
out 27, 2021 6:34:31 PM io.qameta.allure.AllureLifecycle stopStep
GRAVE: Could not stop step: no step running
out 27, 2021 6:34:31 PM io.qameta.allure.AllureLifecycle startStep
GRAVE: Could not start step: no test case running
out 27, 2021 6:34:31 PM io.qameta.allure.AllureLifecycle updateStep
GRAVE: Could not update step: no step running
out 27, 2021 6:34:31 PM io.qameta.allure.AllureLifecycle stopStep
GRAVE: Could not stop step: no step running
]]></system-err>
  </testcase>
  <testcase name="validaSchemaDeUmaReservaEspecifica" classname="br.com.restassuredapitesting.tests.booking.tests.GetBookingTest" time="1.134"/>
  <testcase name="validaListagemDeReservasPeloFiltroCheckout" classname="br.com.restassuredapitesting.tests.booking.tests.GetBookingTest" time="0.838"/>
  <testcase name="validaSchemaDaListagemDeReservas" classname="br.com.restassuredapitesting.tests.booking.tests.GetBookingTest" time="0.912"/>
  <testcase name="validaListagemDeReservasPeloFiltroCheckoutECheckout" classname="br.com.restassuredapitesting.tests.booking.tests.GetBookingTest" time="0.819"/>
  <testcase name="validaListagemDeReservasPeloFiltroCheckin" classname="br.com.restassuredapitesting.tests.booking.tests.GetBookingTest" time="0.824"/>
  <testcase name="validaListagemDeReservasPeloFiltroLastname" classname="br.com.restassuredapitesting.tests.booking.tests.GetBookingTest" time="0.833"/>
  <testcase name="validaRetornoDeTokenParaUsuario" classname="br.com.restassuredapitesting.tests.auth.tests.PostAuthTest" time="0.839"/>
  <testcase name="validarAlteracaoDeUmaReservaUtilizandoToken" classname="br.com.restassuredapitesting.tests.booking.tests.PutBookingTest" time="1.612"/>
  <testcase name="validarNaoAlteracaoDeUmaReservaSemEnviarToken" classname="br.com.restassuredapitesting.tests.booking.tests.PutBookingTest" time="0.819"/>
  <testcase name="validarNaoAlteracaoDeUmaReservaInexistente" classname="br.com.restassuredapitesting.tests.booking.tests.PutBookingTest" time="1.584"/>
  <testcase name="validarNaoAlteracaoDeUmaReservaUtilizandoTokenInvalido" classname="br.com.restassuredapitesting.tests.booking.tests.PutBookingTest" time="0.785"/>
  <testcase name="validarTentativaDeExclusaoDeReservaSemAutorizacao" classname="br.com.restassuredapitesting.tests.booking.tests.DeleteBookingTest" time="0.794"/>
  <testcase name="validarTentativaDeExclusaoDeReservaInexistente" classname="br.com.restassuredapitesting.tests.booking.tests.DeleteBookingTest" time="1.64"/>
  <testcase name="validarExclusaoDeUmaReservaUtilizandoToken" classname="br.com.restassuredapitesting.tests.booking.tests.DeleteBookingTest" time="1.567"/>
  <testcase name="validarCriacaoDeMaisDeUmaReservaEmSequencia" classname="br.com.restassuredapitesting.tests.booking.tests.PostBookingTest" time="2.415"/>
  <testcase name="validarCriacaoDeUmaReserva" classname="br.com.restassuredapitesting.tests.booking.tests.PostBookingTest" time="0.799"/>
  <testcase name="validarCodigo418NaCriacaoDeUmaReservaComAccpetInvalidoNoHeader" classname="br.com.restassuredapitesting.tests.booking.tests.PostBookingTest" time="0.789"/>
  <testcase name="validarCriacaoDeUmaReservaComParametrosAdicionaisNoPayload" classname="br.com.restassuredapitesting.tests.booking.tests.PostBookingTest" time="0.81">
    <failure message="1 expectation failed.&#10;JSON path nickname doesn&apos;t match.&#10;Expected: is &quot;lgc2&quot;&#10;  Actual: null&#10;" type="java.lang.AssertionError">java.lang.AssertionError: 
1 expectation failed.
JSON path nickname doesn't match.
Expected: is "lgc2"
  Actual: null

	at br.com.restassuredapitesting.tests.booking.tests.PostBookingTest.validarCriacaoDeUmaReservaComParametrosAdicionaisNoPayload(PostBookingTest.java:69)
</failure>
    <system-out><![CDATA[Request method:	POST
Request URI:	https://treinamento-api.herokuapp.com/booking
Proxy:			<none>
Request params:	<none>
Query params:	<none>
Form params:	<none>
Path params:	<none>
Headers:		Accept=application/json
				Content-Type=application/json; charset=UTF-8
Cookies:		<none>
Multiparts:		<none>
Body:
{
    "firstname": "Cristiano",
    "additionalneeds": "Breakfast",
    "bookingdates": {
        "checkin": "2018-01-01",
        "checkout": "2019-01-01"
    },
    "totalprice": 111,
    "nickname": "lgc2",
    "depositpaid": true,
    "lastname": "Ronaldo"
}

HTTP/1.1 200 OK
Server: Cowboy
Connection: keep-alive
X-Powered-By: Express
Content-Type: application/json; charset=utf-8
Content-Length: 204
Etag: W/"cc-FEfvMvYgOQDqCf40K9YHvB9tWSw"
Date: Wed, 27 Oct 2021 21:35:27 GMT
Via: 1.1 vegur

{
    "bookingid": 867,
    "booking": {
        "firstname": "Cristiano",
        "lastname": "Ronaldo",
        "totalprice": 111,
        "depositpaid": true,
        "bookingdates": {
            "checkin": "2018-01-01",
            "checkout": "2019-01-01"
        },
        "additionalneeds": "Breakfast"
    }
}
]]></system-out>
  </testcase>
  <testcase name="validarErro500QuandoPayloadInvalidoNaCriacaoDeUmaReserva" classname="br.com.restassuredapitesting.tests.booking.tests.PostBookingTest" time="0.787"/>
</testsuite>