<?xml version="1.0" encoding="UTF-8"?>
<testsuite xmlns:xsi="http://www.w3.org/2001/XMLSchema-instance" xsi:noNamespaceSchemaLocation="https://maven.apache.org/surefire/maven-surefire-plugin/xsd/surefire-test-report.xsd" name="br.com.restassuredapitesting.runners.AllTests" time="90.902" tests="25" errors="0" skipped="0" failures="2">
  <properties>
[...]
</properties>
  <testcase name="validaApiOnline" classname="br.com.restassuredapitesting.tests.ping.tests.GetPingTest" time="2.592"/>
  <testcase name="validaErro500QuandoEnviarFiltroMalFormatado" classname="br.com.restassuredapitesting.tests.booking.tests.GetBookingTest" time="2.036">
    <failure message="1 expectation failed.&#10;Expected status code &lt;500&gt; but was &lt;200&gt;.&#10;" type="java.lang.AssertionError"><![CDATA[java.lang.AssertionError: 
1 expectation failed.
Expected status code <500> but was <200>.

	at br.com.restassuredapitesting.tests.booking.tests.GetBookingTest.validaErro500QuandoEnviarFiltroMalFormatado(GetBookingTest.java:223)
]]></failure>
    <system-out><![CDATA[Request method:	GET
Request URI:	https://treinamento-api.herokuapp.com/booking?checkiiinnn=2021-10-25
Proxy:			<none>
Request params:	<none>
Query params:	<none>
Form params:	<none>
Path params:	<none>
Headers:		Accept=*/*
Cookies:		<none>
Multiparts:		<none>
Body:			<none>
HTTP/1.1 200 OK
Server: Cowboy
Connection: keep-alive
X-Powered-By: Express
Content-Type: application/json; charset=utf-8
Content-Length: 9267
Etag: W/"2433-Uzyr2PpB7ltujfFhxH6S/2l0ZM0"
Date: Mon, 25 Oct 2021 23:43:03 GMT
Via: 1.1 vegur

[
    {
        "bookingid": 332
    },
    {
        "bookingid": 267
    },
    {
        "bookingid": 490
    },
    {
        "bookingid": 359
    },
    {
        "bookingid": 523
    },
    {
        "bookingid": 317
    },
    {
        "bookingid": 228
    },
    {
        "bookingid": 216
    },
    {
        "bookingid": 232
    },
    {
        "bookingid": 129
    },
    {
        "bookingid": 254
    },
    {
        "bookingid": 95
    },
    {
        "bookingid": 113
    },
    {
        "bookingid": 442
    },
    {
        "bookingid": 346
    },
    {
        "bookingid": 421
    },
    {
        "bookingid": 463
    },
    {
        "bookingid": 77
    },
    {
        "bookingid": 455
    },
    {
        "bookingid": 318
    },
    {
        "bookingid": 542
    },
    {
        "bookingid": 70
    },
    {
        "bookingid": 256
    },
    {
        "bookingid": 471
    },
    {
        "bookingid": 215
    },
    {
        "bookingid": 226
    },
    {
        "bookingid": 382
    },
    {
        "bookingid": 48
    },
    {
        "bookingid": 293
    },
    {
        "bookingid": 89
    },
    {
        "bookingid": 160
    },
    {
        "bookingid": 147
    },
    {
        "bookingid": 241
    },
    {
        "bookingid": 301
    },
    {
        "bookingid": 327
    },
    {
        "bookingid": 107
    },
    {
        "bookingid": 580
    },
    {
        "bookingid": 337
    },
    {
        "bookingid": 482
    },
    {
        "bookingid": 19
    },
    {
        "bookingid": 214
    },
    {
        "bookingid": 227
    },
    {
        "bookingid": 162
    },
    {
        "bookingid": 221
    },
    {
        "bookingid": 141
    },
    {
        "bookingid": 212
    },
    {
        "bookingid": 300
    },
    {
        "bookingid": 234
    },
    {
        "bookingid": 33
    },
    {
        "bookingid": 91
    },
    {
        "bookingid": 50
    },
    {
        "bookingid": 559
    },
    {
        "bookingid": 104
    },
    {
        "bookingid": 345
    },
    {
        "bookingid": 481
    },
    {
        "bookingid": 60
    },
    {
        "bookingid": 396
    },
    {
        "bookingid": 245
    },
    {
        "bookingid": 93
    },
    {
        "bookingid": 357
    },
    {
        "bookingid": 235
    },
    {
        "bookingid": 575
    },
    {
        "bookingid": 120
    },
    {
        "bookingid": 184
    },
    {
        "bookingid": 347
    },
    {
        "bookingid": 272
    },
    {
        "bookingid": 503
    },
    {
        "bookingid": 513
    },
    {
        "bookingid": 578
    },
    {
        "bookingid": 163
    },
    {
        "bookingid": 488
    },
    {
        "bookingid": 460
    },
    {
        "bookingid": 298
    },
    {
        "bookingid": 363
    },
    {
        "bookingid": 501
    },
    {
        "bookingid": 325
    },
    {
        "bookingid": 362
    },
    {
        "bookingid": 577
    },
    {
        "bookingid": 353
    },
    {
        "bookingid": 378
    },
    {
        "bookingid": 445
    },
    {
        "bookingid": 391
    },
    {
        "bookingid": 307
    },
    {
        "bookingid": 394
    },
    {
        "bookingid": 344
    },
    {
        "bookingid": 388
    },
    {
        "bookingid": 248
    },
    {
        "bookingid": 168
    },
    {
        "bookingid": 43
    },
    {
        "bookingid": 306
    },
    {
        "bookingid": 386
    },
    {
        "bookingid": 59
    },
    {
        "bookingid": 149
    },
    {
        "bookingid": 486
    },
    {
        "bookingid": 422
    },
    {
        "bookingid": 153
    },
    {
        "bookingid": 409
    },
    {
        "bookingid": 579
    },
    {
        "bookingid": 372
    },
    {
        "bookingid": 108
    },
    {
        "bookingid": 101
    },
    {
        "bookingid": 297
    },
    {
        "bookingid": 437
    },
    {
        "bookingid": 364
    },
    {
        "bookingid": 41
    },
    {
        "bookingid": 557
    },
    {
        "bookingid": 73
    },
    {
        "bookingid": 166
    },
    {
        "bookingid": 465
    },
    {
        "bookingid": 466
    },
    {
        "bookingid": 366
    },
    {
        "bookingid": 173
    },
    {
        "bookingid": 440
    },
    {
        "bookingid": 128
    },
    {
        "bookingid": 210
    },
    {
        "bookingid": 536
    },
    {
        "bookingid": 547
    },
    {
        "bookingid": 519
    },
    {
        "bookingid": 419
    },
    {
        "bookingid": 555
    },
    {
        "bookingid": 57
    },
    {
        "bookingid": 436
    },
    {
        "bookingid": 544
    },
    {
        "bookingid": 552
    },
    {
        "bookingid": 478
    },
    {
        "bookingid": 355
    },
    {
        "bookingid": 483
    },
    {
        "bookingid": 438
    },
    {
        "bookingid": 415
    },
    {
        "bookingid": 397
    },
    {
        "bookingid": 408
    },
    {
        "bookingid": 71
    },
    {
        "bookingid": 218
    },
    {
        "bookingid": 453
    },
    {
        "bookingid": 444
    },
    {
        "bookingid": 44
    },
    {
        "bookingid": 476
    },
    {
        "bookingid": 412
    },
    {
        "bookingid": 36
    },
    {
        "bookingid": 132
    },
    {
        "bookingid": 403
    },
    {
        "bookingid": 192
    },
    {
        "bookingid": 81
    },
    {
        "bookingid": 21
    },
    {
        "bookingid": 518
    },
    {
        "bookingid": 414
    },
    {
        "bookingid": 58
    },
    {
        "bookingid": 40
    },
    {
        "bookingid": 186
    },
    {
        "bookingid": 334
    },
    {
        "bookingid": 299
    },
    {
        "bookingid": 340
    },
    {
        "bookingid": 350
    },
    {
        "bookingid": 138
    },
    {
        "bookingid": 236
    },
    {
        "bookingid": 98
    },
    {
        "bookingid": 29
    },
    {
        "bookingid": 154
    },
    {
        "bookingid": 402
    },
    {
        "bookingid": 401
    },
    {
        "bookingid": 136
    },
    {
        "bookingid": 424
    },
    {
        "bookingid": 315
    },
    {
        "bookingid": 261
    },
    {
        "bookingid": 28
    },
    {
        "bookingid": 310
    },
    {
        "bookingid": 49
    },
    {
        "bookingid": 247
    },
    {
        "bookingid": 420
    },
    {
        "bookingid": 275
    },
    {
        "bookingid": 79
    },
    {
        "bookingid": 206
    },
    {
        "bookingid": 413
    },
    {
        "bookingid": 86
    },
    {
        "bookingid": 390
    },
    {
        "bookingid": 302
    },
    {
        "bookingid": 289
    },
    {
        "bookingid": 47
    },
    {
        "bookingid": 282
    },
    {
        "bookingid": 117
    },
    {
        "bookingid": 279
    },
    {
        "bookingid": 69
    },
    {
        "bookingid": 223
    },
    {
        "bookingid": 352
    },
    {
        "bookingid": 144
    },
    {
        "bookingid": 574
    },
    {
        "bookingid": 581
    },
    {
        "bookingid": 502
    },
    {
        "bookingid": 196
    },
    {
        "bookingid": 285
    },
    {
        "bookingid": 479
    },
    {
        "bookingid": 461
    },
    {
        "bookingid": 560
    },
    {
        "bookingid": 467
    },
    {
        "bookingid": 283
    },
    {
        "bookingid": 121
    },
    {
        "bookingid": 508
    },
    {
        "bookingid": 135
    },
    {
        "bookingid": 217
    },
    {
        "bookingid": 305
    },
    {
        "bookingid": 561
    },
    {
        "bookingid": 375
    },
    {
        "bookingid": 452
    },
    {
        "bookingid": 485
    },
    {
        "bookingid": 229
    },
    {
        "bookingid": 354
    },
    {
        "bookingid": 110
    },
    {
        "bookingid": 404
    },
    {
        "bookingid": 209
    },
    {
        "bookingid": 351
    },
    {
        "bookingid": 103
    },
    {
        "bookingid": 105
    },
    {
        "bookingid": 100
    },
    {
        "bookingid": 464
    },
    {
        "bookingid": 278
    },
    {
        "bookingid": 158
    },
    {
        "bookingid": 525
    },
    {
        "bookingid": 441
    },
    {
        "bookingid": 178
    },
    {
        "bookingid": 374
    },
    {
        "bookingid": 333
    },
    {
        "bookingid": 96
    },
    {
        "bookingid": 24
    },
    {
        "bookingid": 165
    },
    {
        "bookingid": 545
    },
    {
        "bookingid": 569
    },
    {
        "bookingid": 418
    },
    {
        "bookingid": 139
    },
    {
        "bookingid": 399
    },
    {
        "bookingid": 480
    },
    {
        "bookingid": 277
    },
    {
        "bookingid": 185
    },
    {
        "bookingid": 383
    },
    {
        "bookingid": 211
    },
    {
        "bookingid": 389
    },
    {
        "bookingid": 294
    },
    {
        "bookingid": 83
    },
    {
        "bookingid": 497
    },
    {
        "bookingid": 500
    },
    {
        "bookingid": 246
    },
    {
        "bookingid": 143
    },
    {
        "bookingid": 200
    },
    {
        "bookingid": 443
    },
    {
        "bookingid": 260
    },
    {
        "bookingid": 92
    },
    {
        "bookingid": 222
    },
    {
        "bookingid": 20
    },
    {
        "bookingid": 187
    },
    {
        "bookingid": 477
    },
    {
        "bookingid": 377
    },
    {
        "bookingid": 39
    },
    {
        "bookingid": 368
    },
    {
        "bookingid": 242
    },
    {
        "bookingid": 400
    },
    {
        "bookingid": 538
    },
    {
        "bookingid": 84
    },
    {
        "bookingid": 274
    },
    {
        "bookingid": 198
    },
    {
        "bookingid": 329
    },
    {
        "bookingid": 448
    },
    {
        "bookingid": 356
    },
    {
        "bookingid": 564
    },
    {
        "bookingid": 417
    },
    {
        "bookingid": 470
    },
    {
        "bookingid": 510
    },
    {
        "bookingid": 512
    },
    {
        "bookingid": 9
    },
    {
        "bookingid": 474
    },
    {
        "bookingid": 504
    },
    {
        "bookingid": 164
    },
    {
        "bookingid": 193
    },
    {
        "bookingid": 495
    },
    {
        "bookingid": 116
    },
    {
        "bookingid": 517
    },
    {
        "bookingid": 72
    },
    {
        "bookingid": 540
    },
    {
        "bookingid": 288
    },
    {
        "bookingid": 428
    },
    {
        "bookingid": 257
    },
    {
        "bookingid": 78
    },
    {
        "bookingid": 505
    },
    {
        "bookingid": 62
    },
    {
        "bookingid": 313
    },
    {
        "bookingid": 321
    },
    {
        "bookingid": 358
    },
    {
        "bookingid": 281
    },
    {
        "bookingid": 563
    },
    {
        "bookingid": 199
    },
    {
        "bookingid": 224
    },
    {
        "bookingid": 371
    },
    {
        "bookingid": 66
    },
    {
        "bookingid": 549
    },
    {
        "bookingid": 468
    },
    {
        "bookingid": 152
    },
    {
        "bookingid": 258
    },
    {
        "bookingid": 262
    },
    {
        "bookingid": 324
    },
    {
        "bookingid": 183
    },
    {
        "bookingid": 31
    },
    {
        "bookingid": 170
    },
    {
        "bookingid": 239
    },
    {
        "bookingid": 18
    },
    {
        "bookingid": 157
    },
    {
        "bookingid": 533
    },
    {
        "bookingid": 450
    },
    {
        "bookingid": 181
    },
    {
        "bookingid": 197
    },
    {
        "bookingid": 12
    },
    {
        "bookingid": 291
    },
    {
        "bookingid": 276
    },
    {
        "bookingid": 172
    },
    {
        "bookingid": 180
    },
    {
        "bookingid": 140
    },
    {
        "bookingid": 398
    },
    {
        "bookingid": 473
    },
    {
        "bookingid": 15
    },
    {
        "bookingid": 296
    },
    {
        "bookingid": 405
    },
    {
        "bookingid": 88
    },
    {
        "bookingid": 37
    },
    {
        "bookingid": 572
    },
    {
        "bookingid": 392
    },
    {
        "bookingid": 65
    },
    {
        "bookingid": 156
    },
    {
        "bookingid": 34
    },
    {
        "bookingid": 308
    },
    {
        "bookingid": 230
    },
    {
        "bookingid": 553
    },
    {
        "bookingid": 25
    },
    {
        "bookingid": 376
    },
    {
        "bookingid": 410
    },
    {
        "bookingid": 244
    },
    {
        "bookingid": 429
    },
    {
        "bookingid": 384
    },
    {
        "bookingid": 426
    },
    {
        "bookingid": 343
    },
    {
        "bookingid": 556
    },
    {
        "bookingid": 528
    },
    {
        "bookingid": 454
    },
    {
        "bookingid": 304
    },
    {
        "bookingid": 434
    },
    {
        "bookingid": 264
    },
    {
        "bookingid": 167
    },
    {
        "bookingid": 427
    },
    {
        "bookingid": 195
    },
    {
        "bookingid": 498
    },
    {
        "bookingid": 314
    },
    {
        "bookingid": 554
    },
    {
        "bookingid": 219
    },
    {
        "bookingid": 146
    },
    {
        "bookingid": 126
    },
    {
        "bookingid": 220
    },
    {
        "bookingid": 94
    },
    {
        "bookingid": 349
    },
    {
        "bookingid": 266
    },
    {
        "bookingid": 550
    },
    {
        "bookingid": 137
    },
    {
        "bookingid": 109
    },
    {
        "bookingid": 263
    },
    {
        "bookingid": 319
    },
    {
        "bookingid": 411
    },
    {
        "bookingid": 431
    },
    {
        "bookingid": 331
    },
    {
        "bookingid": 451
    },
    {
        "bookingid": 527
    },
    {
        "bookingid": 114
    },
    {
        "bookingid": 240
    },
    {
        "bookingid": 231
    },
    {
        "bookingid": 562
    },
    {
        "bookingid": 130
    },
    {
        "bookingid": 250
    },
    {
        "bookingid": 201
    },
    {
        "bookingid": 131
    },
    {
        "bookingid": 284
    },
    {
        "bookingid": 539
    },
    {
        "bookingid": 252
    },
    {
        "bookingid": 487
    },
    {
        "bookingid": 458
    },
    {
        "bookingid": 292
    },
    {
        "bookingid": 492
    },
    {
        "bookingid": 280
    },
    {
        "bookingid": 202
    },
    {
        "bookingid": 338
    },
    {
        "bookingid": 27
    },
    {
        "bookingid": 74
    },
    {
        "bookingid": 475
    },
    {
        "bookingid": 537
    },
    {
        "bookingid": 551
    },
    {
        "bookingid": 303
    },
    {
        "bookingid": 524
    },
    {
        "bookingid": 406
    },
    {
        "bookingid": 568
    },
    {
        "bookingid": 68
    },
    {
        "bookingid": 369
    },
    {
        "bookingid": 213
    },
    {
        "bookingid": 194
    },
    {
        "bookingid": 11
    },
    {
        "bookingid": 150
    },
    {
        "bookingid": 462
    },
    {
        "bookingid": 265
    },
    {
        "bookingid": 169
    },
    {
        "bookingid": 457
    },
    {
        "bookingid": 531
    },
    {
        "bookingid": 171
    },
    {
        "bookingid": 290
    },
    {
        "bookingid": 64
    },
    {
        "bookingid": 507
    },
    {
        "bookingid": 573
    },
    {
        "bookingid": 208
    },
    {
        "bookingid": 233
    },
    {
        "bookingid": 273
    },
    {
        "bookingid": 496
    },
    {
        "bookingid": 491
    },
    {
        "bookingid": 322
    },
    {
        "bookingid": 255
    },
    {
        "bookingid": 225
    },
    {
        "bookingid": 336
    },
    {
        "bookingid": 243
    },
    {
        "bookingid": 558
    },
    {
        "bookingid": 269
    },
    {
        "bookingid": 151
    },
    {
        "bookingid": 571
    },
    {
        "bookingid": 312
    },
    {
        "bookingid": 159
    },
    {
        "bookingid": 423
    },
    {
        "bookingid": 546
    },
    {
        "bookingid": 469
    },
    {
        "bookingid": 287
    },
    {
        "bookingid": 268
    },
    {
        "bookingid": 576
    },
    {
        "bookingid": 387
    },
    {
        "bookingid": 175
    },
    {
        "bookingid": 203
    },
    {
        "bookingid": 176
    },
    {
        "bookingid": 472
    },
    {
        "bookingid": 148
    },
    {
        "bookingid": 320
    },
    {
        "bookingid": 341
    },
    {
        "bookingid": 380
    },
    {
        "bookingid": 251
    },
    {
        "bookingid": 102
    },
    {
        "bookingid": 112
    },
    {
        "bookingid": 509
    },
    {
        "bookingid": 330
    },
    {
        "bookingid": 309
    },
    {
        "bookingid": 360
    },
    {
        "bookingid": 511
    },
    {
        "bookingid": 177
    },
    {
        "bookingid": 75
    },
    {
        "bookingid": 38
    },
    {
        "bookingid": 449
    },
    {
        "bookingid": 339
    },
    {
        "bookingid": 506
    },
    {
        "bookingid": 188
    },
    {
        "bookingid": 286
    },
    {
        "bookingid": 61
    },
    {
        "bookingid": 522
    },
    {
        "bookingid": 456
    },
    {
        "bookingid": 271
    },
    {
        "bookingid": 529
    },
    {
        "bookingid": 323
    },
    {
        "bookingid": 30
    },
    {
        "bookingid": 80
    },
    {
        "bookingid": 582
    },
    {
        "bookingid": 134
    },
    {
        "bookingid": 174
    },
    {
        "bookingid": 541
    },
    {
        "bookingid": 526
    },
    {
        "bookingid": 259
    },
    {
        "bookingid": 295
    },
    {
        "bookingid": 373
    },
    {
        "bookingid": 119
    },
    {
        "bookingid": 207
    },
    {
        "bookingid": 381
    },
    {
        "bookingid": 53
    },
    {
        "bookingid": 342
    },
    {
        "bookingid": 489
    },
    {
        "bookingid": 127
    },
    {
        "bookingid": 370
    },
    {
        "bookingid": 494
    },
    {
        "bookingid": 45
    },
    {
        "bookingid": 514
    },
    {
        "bookingid": 46
    },
    {
        "bookingid": 253
    },
    {
        "bookingid": 13
    },
    {
        "bookingid": 205
    },
    {
        "bookingid": 35
    },
    {
        "bookingid": 191
    },
    {
        "bookingid": 16
    },
    {
        "bookingid": 182
    },
    {
        "bookingid": 316
    },
    {
        "bookingid": 10
    },
    {
        "bookingid": 328
    },
    {
        "bookingid": 515
    },
    {
        "bookingid": 82
    },
    {
        "bookingid": 432
    },
    {
        "bookingid": 570
    },
    {
        "bookingid": 379
    },
    {
        "bookingid": 430
    },
    {
        "bookingid": 270
    },
    {
        "bookingid": 535
    },
    {
        "bookingid": 87
    },
    {
        "bookingid": 335
    },
    {
        "bookingid": 534
    },
    {
        "bookingid": 190
    },
    {
        "bookingid": 393
    },
    {
        "bookingid": 238
    },
    {
        "bookingid": 361
    },
    {
        "bookingid": 348
    },
    {
        "bookingid": 407
    },
    {
        "bookingid": 435
    },
    {
        "bookingid": 583
    },
    {
        "bookingid": 8
    },
    {
        "bookingid": 520
    },
    {
        "bookingid": 55
    },
    {
        "bookingid": 365
    },
    {
        "bookingid": 425
    },
    {
        "bookingid": 125
    },
    {
        "bookingid": 395
    }
]
]]></system-out>
    <system-err><![CDATA[out 25, 2021 8:42:56 PM io.qameta.allure.AllureLifecycle startStep
GRAVE: Could not start step: no test case running
out 25, 2021 8:42:57 PM io.qameta.allure.AllureLifecycle updateStep
GRAVE: Could not update step: no step running
out 25, 2021 8:42:57 PM io.qameta.allure.AllureLifecycle stopStep
GRAVE: Could not stop step: no step running
out 25, 2021 8:42:57 PM io.qameta.allure.AllureLifecycle startStep
GRAVE: Could not start step: no test case running
out 25, 2021 8:42:58 PM io.qameta.allure.AllureLifecycle updateStep
GRAVE: Could not update step: no step running
out 25, 2021 8:42:58 PM io.qameta.allure.AllureLifecycle stopStep
GRAVE: Could not stop step: no step running
out 25, 2021 8:42:58 PM io.qameta.allure.AllureLifecycle startStep
GRAVE: Could not start step: no test case running
out 25, 2021 8:42:59 PM io.qameta.allure.AllureLifecycle updateStep
GRAVE: Could not update step: no step running
out 25, 2021 8:42:59 PM io.qameta.allure.AllureLifecycle stopStep
GRAVE: Could not stop step: no step running
out 25, 2021 8:42:59 PM io.qameta.allure.AllureLifecycle startStep
GRAVE: Could not start step: no test case running
out 25, 2021 8:43:00 PM io.qameta.allure.AllureLifecycle updateStep
GRAVE: Could not update step: no step running
out 25, 2021 8:43:00 PM io.qameta.allure.AllureLifecycle stopStep
GRAVE: Could not stop step: no step running
out 25, 2021 8:43:00 PM io.qameta.allure.AllureLifecycle startStep
GRAVE: Could not start step: no test case running
out 25, 2021 8:43:01 PM io.qameta.allure.AllureLifecycle updateStep
GRAVE: Could not update step: no step running
out 25, 2021 8:43:01 PM io.qameta.allure.AllureLifecycle stopStep
GRAVE: Could not stop step: no step running
]]></system-err>
  </testcase>
  <testcase name="listaReservaEspecifica" classname="br.com.restassuredapitesting.tests.booking.tests.GetBookingTest" time="0.994"/>
  <testcase name="validaListagemDeIdsDasReservas" classname="br.com.restassuredapitesting.tests.booking.tests.GetBookingTest" time="0.799"/>
  <testcase name="validaListagemDeReservasPeloFiltroFirstname" classname="br.com.restassuredapitesting.tests.booking.tests.GetBookingTest" time="0.799"/>
  <testcase name="validaListagemDeReservasPelosFiltrosCheckinECheckout" classname="br.com.restassuredapitesting.tests.booking.tests.GetBookingTest" time="0.822"/>
  <testcase name="validaListagemDeReservasPelosFiltrosFirstnameECheckinECheckout" classname="br.com.restassuredapitesting.tests.booking.tests.GetBookingTest" time="0.997">
    <failure message="1 expectation failed.&#10;JSON path size() doesn&apos;t match.&#10;Expected: a value greater than &lt;0&gt;&#10;  Actual: 0&#10;" type="java.lang.AssertionError"><![CDATA[java.lang.AssertionError: 
1 expectation failed.
JSON path size() doesn't match.
Expected: a value greater than <0>
  Actual: 0

	at br.com.restassuredapitesting.tests.booking.tests.GetBookingTest.validaListagemDeReservasPelosFiltrosFirstnameECheckinECheckout(GetBookingTest.java:202)
]]></failure>
    <system-out><![CDATA[Request method:	GET
Request URI:	https://treinamento-api.herokuapp.com/booking?firstname=Vados&checkin=2021-10-25&checkout=2022-10-25
Proxy:			<none>
Request params:	<none>
Query params:	<none>
Form params:	<none>
Path params:	<none>
Headers:		Accept=*/*
Cookies:		<none>
Multiparts:		<none>
Body:			<none>
HTTP/1.1 200 OK
Server: Cowboy
Connection: keep-alive
X-Powered-By: Express
Content-Type: application/json; charset=utf-8
Content-Length: 2
Etag: W/"2-l9Fw4VUO7kr8CvBlt4zaMCqXZ0w"
Date: Mon, 25 Oct 2021 23:43:30 GMT
Via: 1.1 vegur

[
    
]
]]></system-out>
    <system-err><![CDATA[out 25, 2021 8:43:24 PM io.qameta.allure.AllureLifecycle startStep
GRAVE: Could not start step: no test case running
out 25, 2021 8:43:25 PM io.qameta.allure.AllureLifecycle updateStep
GRAVE: Could not update step: no step running
out 25, 2021 8:43:25 PM io.qameta.allure.AllureLifecycle stopStep
GRAVE: Could not stop step: no step running
out 25, 2021 8:43:25 PM io.qameta.allure.AllureLifecycle startStep
GRAVE: Could not start step: no test case running
out 25, 2021 8:43:26 PM io.qameta.allure.AllureLifecycle updateStep
GRAVE: Could not update step: no step running
out 25, 2021 8:43:26 PM io.qameta.allure.AllureLifecycle stopStep
GRAVE: Could not stop step: no step running
out 25, 2021 8:43:26 PM io.qameta.allure.AllureLifecycle startStep
GRAVE: Could not start step: no test case running
out 25, 2021 8:43:27 PM io.qameta.allure.AllureLifecycle updateStep
GRAVE: Could not update step: no step running
out 25, 2021 8:43:27 PM io.qameta.allure.AllureLifecycle stopStep
GRAVE: Could not stop step: no step running
out 25, 2021 8:43:27 PM io.qameta.allure.AllureLifecycle startStep
GRAVE: Could not start step: no test case running
out 25, 2021 8:43:28 PM io.qameta.allure.AllureLifecycle updateStep
GRAVE: Could not update step: no step running
out 25, 2021 8:43:28 PM io.qameta.allure.AllureLifecycle stopStep
GRAVE: Could not stop step: no step running
out 25, 2021 8:43:28 PM io.qameta.allure.AllureLifecycle startStep
GRAVE: Could not start step: no test case running
out 25, 2021 8:43:29 PM io.qameta.allure.AllureLifecycle updateStep
GRAVE: Could not update step: no step running
out 25, 2021 8:43:29 PM io.qameta.allure.AllureLifecycle stopStep
GRAVE: Could not stop step: no step running
]]></system-err>
  </testcase>
  <testcase name="validaSchemaDeUmaReservaEspecifica" classname="br.com.restassuredapitesting.tests.booking.tests.GetBookingTest" time="1.136"/>
  <testcase name="validaListagemDeReservasPeloFiltroCheckout" classname="br.com.restassuredapitesting.tests.booking.tests.GetBookingTest" time="2.2"/>
  <testcase name="validaSchemaDaListagemDeReservas" classname="br.com.restassuredapitesting.tests.booking.tests.GetBookingTest" time="0.857"/>
  <testcase name="validaListagemDeReservasPeloFiltroCheckin" classname="br.com.restassuredapitesting.tests.booking.tests.GetBookingTest" time="1.844"/>
  <testcase name="validaListagemDeReservasPeloFiltroLastname" classname="br.com.restassuredapitesting.tests.booking.tests.GetBookingTest" time="0.895"/>
  <testcase name="validaRetornoDeTokenParaUsuario" classname="br.com.restassuredapitesting.tests.auth.tests.PostAuthTest" time="0.965"/>
  <testcase name="validarAlteracaoDeUmaReservaUtilizandoToken" classname="br.com.restassuredapitesting.tests.booking.tests.PutBookingTest" time="1.893"/>
  <testcase name="validarNaoAlteracaoDeUmaReservaSemEnviarToken" classname="br.com.restassuredapitesting.tests.booking.tests.PutBookingTest" time="0.913"/>
  <testcase name="validarNaoAlteracaoDeUmaReservaInexistente" classname="br.com.restassuredapitesting.tests.booking.tests.PutBookingTest" time="1.634"/>
  <testcase name="validarNaoAlteracaoDeUmaReservaUtilizandoTokenInvalido" classname="br.com.restassuredapitesting.tests.booking.tests.PutBookingTest" time="0.898"/>
  <testcase name="validarTentativaDeExclusaoDeReservaSemAutorizacao" classname="br.com.restassuredapitesting.tests.booking.tests.DeleteBookingTest" time="0.793"/>
  <testcase name="validarTentativaDeExclusaoDeReservaInexistente" classname="br.com.restassuredapitesting.tests.booking.tests.DeleteBookingTest" time="1.631"/>
  <testcase name="validarExclusaoDeUmaReservaUtilizandoToken" classname="br.com.restassuredapitesting.tests.booking.tests.DeleteBookingTest" time="1.596"/>
  <testcase name="validarCriacaoDeMaisDeUmaReservaEmSequencia" classname="br.com.restassuredapitesting.tests.booking.tests.PostBookingTest" time="2.513"/>
  <testcase name="validarCriacaoDeUmaReserva" classname="br.com.restassuredapitesting.tests.booking.tests.PostBookingTest" time="0.93"/>
  <testcase name="validarCodigo418NaCriacaoDeUmaReservaComAccpetInvalidoNoHeader" classname="br.com.restassuredapitesting.tests.booking.tests.PostBookingTest" time="0.783"/>
  <testcase name="validarCriacaoDeUmaReservaComParametrosAdicionaisNoPayload" classname="br.com.restassuredapitesting.tests.booking.tests.PostBookingTest" time="0.817"/>
  <testcase name="validarErro500QuandoPayloadInvalidoNaCriacaoDeUmaReserva" classname="br.com.restassuredapitesting.tests.booking.tests.PostBookingTest" time="0.805"/>
</testsuite>